11:10:15.524 [main] INFO  com.makemytrip.hooks.Hook - Driver is initialized successfully.
11:10:52.347 [main] INFO  com.makemytrip.hooks.Hook - Driver is closed successfully.
11:10:57.920 [main] INFO  com.makemytrip.hooks.Hook - Driver is initialized successfully.
11:11:28.403 [main] INFO  com.makemytrip.hooks.Hook - Driver is closed successfully.
11:11:41.261 [main] INFO  com.makemytrip.hooks.Hook - Driver is initialized successfully.
11:11:48.776 [main] INFO  com.makemytrip.hooks.Hook - Driver is closed successfully.
11:11:54.515 [main] INFO  com.makemytrip.hooks.Hook - Driver is initialized successfully.
11:12:06.317 [main] INFO  com.makemytrip.hooks.Hook - Driver is closed successfully.
11:12:11.734 [main] INFO  com.makemytrip.hooks.Hook - Driver is initialized successfully.
11:12:22.703 [main] INFO  com.makemytrip.hooks.Hook - Driver is closed successfully.
11:12:36.410 [main] INFO  com.makemytrip.hooks.Hook - Driver is initialized successfully.
11:12:44.224 [main] INFO  com.makemytrip.hooks.Hook - Driver is closed successfully.
11:54:37.144 [main] INFO  com.makemytrip.hooks.Hook - Driver is initialized successfully.
11:54:55.587 [main] INFO  com.makemytrip.hooks.Hook - Driver is closed successfully.
11:55:01.016 [main] INFO  com.makemytrip.hooks.Hook - Driver is initialized successfully.
11:57:16.448 [main] INFO  com.makemytrip.hooks.Hook - Driver is initialized successfully.
11:57:36.509 [main] INFO  com.makemytrip.hooks.Hook - Driver is closed successfully.
11:57:42.722 [main] INFO  com.makemytrip.hooks.Hook - Driver is initialized successfully.
11:57:51.888 [main] INFO  com.makemytrip.hooks.Hook - Driver is closed successfully.
11:57:57.316 [main] INFO  com.makemytrip.hooks.Hook - Driver is initialized successfully.
11:58:03.447 [main] INFO  com.makemytrip.hooks.Hook - Driver is closed successfully.
11:58:08.548 [main] INFO  com.makemytrip.hooks.Hook - Driver is initialized successfully.
11:58:22.544 [main] INFO  com.makemytrip.hooks.Hook - Driver is closed successfully.
11:58:27.824 [main] INFO  com.makemytrip.hooks.Hook - Driver is initialized successfully.
11:58:38.890 [main] INFO  com.makemytrip.hooks.Hook - Driver is closed successfully.
11:58:44.529 [main] INFO  com.makemytrip.hooks.Hook - Driver is initialized successfully.
11:58:52.184 [main] INFO  com.makemytrip.hooks.Hook - Driver is closed successfully.
13:25:42.373 [main] INFO  com.makemytrip.hooks.Hook - Driver is initialized successfully.
13:25:49.937 [main] INFO  com.makemytrip.hooks.Hook - Driver is closed successfully.
13:25:56.736 [main] INFO  com.makemytrip.hooks.Hook - Driver is initialized successfully.
13:26:01.466 [main] INFO  com.makemytrip.hooks.Hook - Driver is closed successfully.
13:26:07.476 [main] INFO  com.makemytrip.hooks.Hook - Driver is initialized successfully.
13:26:13.516 [main] INFO  com.makemytrip.hooks.Hook - Driver is closed successfully.
13:26:19.989 [main] INFO  com.makemytrip.hooks.Hook - Driver is initialized successfully.
13:26:25.701 [main] INFO  com.makemytrip.hooks.Hook - Driver is closed successfully.
13:26:31.438 [main] INFO  com.makemytrip.hooks.Hook - Driver is initialized successfully.
13:26:36.762 [main] INFO  com.makemytrip.hooks.Hook - Driver is closed successfully.
13:26:42.141 [main] INFO  com.makemytrip.hooks.Hook - Driver is initialized successfully.
13:26:47.798 [main] INFO  com.makemytrip.hooks.Hook - Driver is closed successfully.
15:07:24.851 [main] INFO  com.makemytrip.hooks.Hook - Driver is initialized successfully.
15:07:31.095 [main] INFO  com.makemytrip.hooks.Hook - Driver is closed successfully.
15:07:38.110 [main] INFO  com.makemytrip.hooks.Hook - Driver is initialized successfully.
15:07:52.772 [main] INFO  com.makemytrip.hooks.Hook - Driver is closed successfully.
15:08:00.363 [main] INFO  com.makemytrip.hooks.Hook - Driver is initialized successfully.
15:08:09.565 [main] INFO  com.makemytrip.hooks.Hook - Driver is closed successfully.
15:08:17.785 [main] INFO  com.makemytrip.hooks.Hook - Driver is initialized successfully.
15:08:33.250 [main] INFO  com.makemytrip.hooks.Hook - Driver is closed successfully.
15:08:40.571 [main] INFO  com.makemytrip.hooks.Hook - Driver is initialized successfully.
15:08:58.289 [main] INFO  com.makemytrip.hooks.Hook - Driver is closed successfully.
15:09:05.969 [main] INFO  com.makemytrip.hooks.Hook - Driver is initialized successfully.
15:09:17.153 [main] INFO  com.makemytrip.hooks.Hook - Driver is closed successfully.
09:28:07.728 [main] INFO  com.makemytrip.hooks.Hook - Driver is initialized successfully.
09:28:38.420 [main] INFO  com.makemytrip.hooks.Hook - Driver is closed successfully.
09:28:47.823 [main] INFO  com.makemytrip.hooks.Hook - Driver is initialized successfully.
09:29:02.232 [main] INFO  com.makemytrip.hooks.Hook - Driver is closed successfully.
09:29:12.060 [main] INFO  com.makemytrip.hooks.Hook - Driver is initialized successfully.
09:29:21.857 [main] INFO  com.makemytrip.hooks.Hook - Driver is closed successfully.
09:29:30.852 [main] INFO  com.makemytrip.hooks.Hook - Driver is initialized successfully.
09:29:47.663 [main] INFO  com.makemytrip.hooks.Hook - Driver is closed successfully.
09:29:56.063 [main] INFO  com.makemytrip.hooks.Hook - Driver is initialized successfully.
09:30:14.346 [main] INFO  com.makemytrip.hooks.Hook - Driver is closed successfully.
09:30:24.291 [main] INFO  com.makemytrip.hooks.Hook - Driver is initialized successfully.
09:30:36.368 [main] INFO  com.makemytrip.hooks.Hook - Driver is closed successfully.
09:38:09.191 [main] INFO  com.makemytrip.hooks.Hook - Driver is initialized successfully.
09:38:34.723 [main] INFO  com.makemytrip.hooks.Hook - Driver is closed successfully.
09:38:43.624 [main] INFO  com.makemytrip.hooks.Hook - Driver is initialized successfully.
09:39:19.410 [main] INFO  com.makemytrip.hooks.Hook - Driver is closed successfully.
09:39:27.993 [main] INFO  com.makemytrip.hooks.Hook - Driver is initialized successfully.
09:39:38.548 [main] INFO  com.makemytrip.hooks.Hook - Driver is closed successfully.
09:39:47.139 [main] INFO  com.makemytrip.hooks.Hook - Driver is initialized successfully.
09:40:06.400 [main] INFO  com.makemytrip.hooks.Hook - Driver is closed successfully.
09:40:15.775 [main] INFO  com.makemytrip.hooks.Hook - Driver is initialized successfully.
09:40:35.369 [main] INFO  com.makemytrip.hooks.Hook - Driver is closed successfully.
09:40:44.111 [main] INFO  com.makemytrip.hooks.Hook - Driver is initialized successfully.
09:40:56.257 [main] INFO  com.makemytrip.hooks.Hook - Driver is closed successfully.
09:50:21.981 [main] INFO  com.makemytrip.hooks.Hook - Driver is initialized successfully.
09:51:08.025 [main] INFO  com.makemytrip.hooks.Hook - Driver is closed successfully.
09:51:17.315 [main] INFO  com.makemytrip.hooks.Hook - Driver is initialized successfully.
09:52:32.861 [main] INFO  com.makemytrip.hooks.Hook - Driver is initialized successfully.
09:52:43.065 [main] INFO  com.makemytrip.hooks.Hook - Driver is closed successfully.
09:52:59.217 [main] INFO  com.makemytrip.hooks.Hook - Driver is initialized successfully.
09:53:16.580 [main] INFO  com.makemytrip.hooks.Hook - Driver is closed successfully.
09:53:27.019 [main] INFO  com.makemytrip.hooks.Hook - Driver is initialized successfully.
09:53:46.323 [main] INFO  com.makemytrip.hooks.Hook - Driver is closed successfully.
09:53:54.956 [main] INFO  com.makemytrip.hooks.Hook - Driver is initialized successfully.
09:54:04.446 [main] INFO  com.makemytrip.hooks.Hook - Driver is closed successfully.
09:55:43.357 [main] INFO  com.makemytrip.hooks.Hook - Driver is initialized successfully.
10:04:34.562 [main] INFO  com.makemytrip.hooks.Hook - Driver is initialized successfully.
10:08:25.989 [main] INFO  com.makemytrip.hooks.Hook - Driver is initialized successfully.
10:10:20.835 [main] INFO  com.makemytrip.hooks.Hook - Driver is initialized successfully.
10:14:25.222 [main] INFO  com.makemytrip.hooks.Hook - Driver is initialized successfully.
10:15:56.825 [main] INFO  com.makemytrip.hooks.Hook - Driver is initialized successfully.
10:16:12.022 [main] INFO  com.makemytrip.hooks.Hook - Driver is closed successfully.
10:42:16.560 [TestNG-tests-2] INFO  com.makemytrip.hooks.Hook - Starting scenario: Finding one-way cab from <From> to <Destination>
10:42:31.223 [TestNG-tests-1] INFO  com.makemytrip.hooks.Hook - Starting scenario: get the error message for wrong <Email> address
10:42:50.714 [TestNG-tests-2] INFO  com.makemytrip.hooks.Hook - Starting scenario: get the error message for wrong <Email> address
10:43:11.488 [TestNG-tests-1] INFO  com.makemytrip.hooks.Hook - Starting scenario: Get maximum adult count available in Hotels guests selector
10:43:30.983 [TestNG-tests-2] INFO  com.makemytrip.hooks.Hook - Starting scenario: Get maximum adult count available in Hotels guests selector
10:43:34.153 [TestNG-tests-1] INFO  com.makemytrip.hooks.Hook - Starting scenario: Retrieve insurance plan details for a student traveling to a country
10:43:49.725 [TestNG-tests-1] ERROR com.makemytrip.hooks.Hook - Failed to take screenshot: Error communicating with the remote browser. It may have died.
Build info: version: '4.32.0', revision: 'd17c8aa950'
System info: os.name: 'Windows 11', os.arch: 'amd64', os.version: '10.0', java.version: '21'
Driver info: org.openqa.selenium.chrome.ChromeDriver
Command: [1800ae735af3ca91124f774e378cdc41, screenshot []]
Capabilities {acceptInsecureCerts: false, browserName: chrome, browserVersion: 138.0.7204.101, chrome: {chromedriverVersion: 138.0.7204.183 (e90faf484dd..., userDataDir: C:\Users\2421180\AppData\Lo...}, fedcm:accounts: true, goog:chromeOptions: {debuggerAddress: localhost:50360}, networkConnectionEnabled: false, pageLoadStrategy: normal, platformName: windows, proxy: Proxy(), se:cdp: ws://localhost:50360/devtoo..., se:cdpVersion: 138.0.7204.101, setWindowRect: true, strictFileInteractability: false, timeouts: {implicit: 0, pageLoad: 300000, script: 30000}, unhandledPromptBehavior: dismiss and notify, webauthn:extension:credBlob: true, webauthn:extension:largeBlob: true, webauthn:extension:minPinLength: true, webauthn:extension:prf: true, webauthn:virtualAuthenticators: true}
Session ID: 1800ae735af3ca91124f774e378cdc41
10:43:49.746 [TestNG-tests-1] INFO  com.makemytrip.hooks.Hook - Starting scenario: Retrieve visa process details for a specific country and dates
10:43:49.811 [TestNG-tests-1] ERROR com.makemytrip.hooks.Hook - Failed to take screenshot: Error communicating with the remote browser. It may have died.
Build info: version: '4.32.0', revision: 'd17c8aa950'
System info: os.name: 'Windows 11', os.arch: 'amd64', os.version: '10.0', java.version: '21'
Driver info: org.openqa.selenium.chrome.ChromeDriver
Command: [1800ae735af3ca91124f774e378cdc41, screenshot []]
Capabilities {acceptInsecureCerts: false, browserName: chrome, browserVersion: 138.0.7204.101, chrome: {chromedriverVersion: 138.0.7204.183 (e90faf484dd..., userDataDir: C:\Users\2421180\AppData\Lo...}, fedcm:accounts: true, goog:chromeOptions: {debuggerAddress: localhost:50360}, networkConnectionEnabled: false, pageLoadStrategy: normal, platformName: windows, proxy: Proxy(), se:cdp: ws://localhost:50360/devtoo..., se:cdpVersion: 138.0.7204.101, setWindowRect: true, strictFileInteractability: false, timeouts: {implicit: 0, pageLoad: 300000, script: 30000}, unhandledPromptBehavior: dismiss and notify, webauthn:extension:credBlob: true, webauthn:extension:largeBlob: true, webauthn:extension:minPinLength: true, webauthn:extension:prf: true, webauthn:virtualAuthenticators: true}
Session ID: 1800ae735af3ca91124f774e378cdc41
10:43:49.825 [TestNG-tests-1] INFO  com.makemytrip.hooks.Hook - Starting scenario: User tries to login with invalid credentials and verifies error message
10:43:49.840 [TestNG-tests-1] ERROR com.makemytrip.hooks.Hook - Failed to take screenshot: Error communicating with the remote browser. It may have died.
Build info: version: '4.32.0', revision: 'd17c8aa950'
System info: os.name: 'Windows 11', os.arch: 'amd64', os.version: '10.0', java.version: '21'
Driver info: org.openqa.selenium.chrome.ChromeDriver
Command: [1800ae735af3ca91124f774e378cdc41, screenshot []]
Capabilities {acceptInsecureCerts: false, browserName: chrome, browserVersion: 138.0.7204.101, chrome: {chromedriverVersion: 138.0.7204.183 (e90faf484dd..., userDataDir: C:\Users\2421180\AppData\Lo...}, fedcm:accounts: true, goog:chromeOptions: {debuggerAddress: localhost:50360}, networkConnectionEnabled: false, pageLoadStrategy: normal, platformName: windows, proxy: Proxy(), se:cdp: ws://localhost:50360/devtoo..., se:cdpVersion: 138.0.7204.101, setWindowRect: true, strictFileInteractability: false, timeouts: {implicit: 0, pageLoad: 300000, script: 30000}, unhandledPromptBehavior: dismiss and notify, webauthn:extension:credBlob: true, webauthn:extension:largeBlob: true, webauthn:extension:minPinLength: true, webauthn:extension:prf: true, webauthn:virtualAuthenticators: true}
Session ID: 1800ae735af3ca91124f774e378cdc41
10:45:43.343 [TestNG-tests-2] INFO  com.makemytrip.hooks.Hook - Driver is initialized successfully.
10:45:46.177 [TestNG-tests-1] INFO  com.makemytrip.hooks.Hook - Driver is initialized successfully.
10:45:59.291 [TestNG-tests-1] INFO  com.makemytrip.hooks.Hook - Driver is initialized successfully.
10:46:11.884 [TestNG-tests-2] INFO  com.makemytrip.hooks.Hook - Driver is initialized successfully.
10:46:14.613 [TestNG-tests-1] INFO  com.makemytrip.hooks.Hook - Driver is closed successfully.
10:46:23.865 [TestNG-tests-1] INFO  com.makemytrip.hooks.Hook - Driver is initialized successfully.
10:46:27.605 [TestNG-tests-2] INFO  com.makemytrip.hooks.Hook - Driver is closed successfully.
10:46:33.281 [TestNG-tests-2] INFO  com.makemytrip.hooks.Hook - Driver is initialized successfully.
10:46:38.296 [TestNG-tests-1] INFO  com.makemytrip.hooks.Hook - Driver is initialized successfully.
10:46:43.638 [TestNG-tests-2] INFO  com.makemytrip.hooks.Hook - Driver is closed successfully.
10:46:50.571 [TestNG-tests-2] INFO  com.makemytrip.hooks.Hook - Driver is initialized successfully.
10:46:55.899 [TestNG-tests-1] INFO  com.makemytrip.hooks.Hook - Driver is initialized successfully.
10:47:08.959 [TestNG-tests-1] INFO  com.makemytrip.hooks.Hook - Driver is closed successfully.
10:47:16.798 [TestNG-tests-1] INFO  com.makemytrip.hooks.Hook - Driver is initialized successfully.
10:47:25.827 [TestNG-tests-2] INFO  com.makemytrip.hooks.Hook - Driver is initialized successfully.
10:47:32.298 [TestNG-tests-1] INFO  com.makemytrip.hooks.Hook - Driver is closed successfully.
10:47:39.549 [TestNG-tests-2] INFO  com.makemytrip.hooks.Hook - Driver is closed successfully.
10:47:44.582 [TestNG-tests-2] INFO  com.makemytrip.hooks.Hook - Driver is initialized successfully.
10:47:53.278 [TestNG-tests-2] INFO  com.makemytrip.hooks.Hook - Driver is closed successfully.
10:51:54.725 [TestNG-tests-2] INFO  com.makemytrip.hooks.Hook - Driver is initialized successfully.
10:51:56.585 [TestNG-tests-1] INFO  com.makemytrip.hooks.Hook - Driver is initialized successfully.
10:52:11.521 [TestNG-tests-1] INFO  com.makemytrip.hooks.Hook - Driver is initialized successfully.
10:52:14.714 [TestNG-tests-2] INFO  com.makemytrip.hooks.Hook - Driver is closed successfully.
10:52:20.618 [TestNG-tests-2] INFO  com.makemytrip.hooks.Hook - Driver is initialized successfully.
10:52:25.610 [TestNG-tests-1] INFO  com.makemytrip.hooks.Hook - Driver is initialized successfully.
10:52:52.290 [TestNG-tests-2] INFO  com.makemytrip.hooks.Hook - Driver is initialized successfully.
10:52:54.820 [TestNG-tests-1] INFO  com.makemytrip.hooks.Hook - Driver is closed successfully.
10:53:00.160 [TestNG-tests-2] INFO  com.makemytrip.hooks.Hook - Driver is closed successfully.
10:53:01.881 [TestNG-tests-1] INFO  com.makemytrip.hooks.Hook - Driver is initialized successfully.
10:53:08.372 [TestNG-tests-2] INFO  com.makemytrip.hooks.Hook - Driver is initialized successfully.
10:53:18.466 [TestNG-tests-1] INFO  com.makemytrip.hooks.Hook - Driver is closed successfully.
10:53:27.751 [TestNG-tests-2] INFO  com.makemytrip.hooks.Hook - Driver is initialized successfully.
10:53:29.272 [TestNG-tests-1] INFO  com.makemytrip.hooks.Hook - Driver is initialized successfully.
10:53:45.433 [TestNG-tests-1] INFO  com.makemytrip.hooks.Hook - Driver is initialized successfully.
10:53:46.200 [TestNG-tests-2] INFO  com.makemytrip.hooks.Hook - Driver is closed successfully.
10:53:52.988 [TestNG-tests-2] INFO  com.makemytrip.hooks.Hook - Driver is initialized successfully.
10:53:56.473 [TestNG-tests-1] INFO  com.makemytrip.hooks.Hook - Driver is closed successfully.
11:01:17.673 [TestNG-tests-1] INFO  com.makemytrip.hooks.Hook - Driver is initialized successfully.
11:01:46.840 [TestNG-tests-1] INFO  com.makemytrip.hooks.Hook - Driver is closed successfully.
11:02:02.385 [TestNG-tests-1] INFO  com.makemytrip.hooks.Hook - Driver is initialized successfully.
11:03:19.269 [TestNG-tests-1] INFO  com.makemytrip.hooks.Hook - Driver is initialized successfully.
11:03:31.143 [TestNG-tests-1] INFO  com.makemytrip.hooks.Hook - Driver is closed successfully.
11:03:43.924 [TestNG-tests-1] INFO  com.makemytrip.hooks.Hook - Driver is initialized successfully.
11:04:01.265 [TestNG-tests-1] INFO  com.makemytrip.hooks.Hook - Driver is closed successfully.
11:04:13.521 [TestNG-tests-1] INFO  com.makemytrip.hooks.Hook - Driver is initialized successfully.
11:04:35.351 [TestNG-tests-1] INFO  com.makemytrip.hooks.Hook - Driver is closed successfully.
11:04:46.931 [TestNG-tests-1] INFO  com.makemytrip.hooks.Hook - Driver is initialized successfully.
11:05:00.017 [TestNG-tests-1] INFO  com.makemytrip.hooks.Hook - Driver is closed successfully.
13:28:40.118 [TestNG-tests-1] INFO  com.makemytrip.hooks.Hook - Driver is initialized successfully.
13:28:58.597 [TestNG-tests-1] INFO  com.makemytrip.hooks.Hook - Driver is closed successfully.
13:29:06.886 [TestNG-tests-1] INFO  com.makemytrip.hooks.Hook - Driver is initialized successfully.
13:30:14.108 [TestNG-tests-1] INFO  com.makemytrip.hooks.Hook - Driver is initialized successfully.
13:31:19.722 [TestNG-tests-1] INFO  com.makemytrip.hooks.Hook - Driver is initialized successfully.
13:31:25.403 [TestNG-tests-1] INFO  com.makemytrip.hooks.Hook - Driver is closed successfully.
13:31:32.650 [TestNG-tests-1] INFO  com.makemytrip.hooks.Hook - Driver is initialized successfully.
13:32:04.822 [TestNG-tests-1] INFO  com.makemytrip.hooks.Hook - Driver is initialized successfully.
13:32:37.427 [TestNG-tests-1] INFO  com.makemytrip.hooks.Hook - Driver is initialized successfully.
13:32:51.910 [TestNG-tests-1] INFO  com.makemytrip.hooks.Hook - Driver is closed successfully.
13:32:59.595 [TestNG-tests-1] INFO  com.makemytrip.hooks.Hook - Driver is initialized successfully.
13:33:07.971 [TestNG-tests-1] INFO  com.makemytrip.hooks.Hook - Driver is closed successfully.
13:12:53.727 [main] INFO  com.makemytrip.hooks.Hook - Driver is initialized successfully.
13:13:33.946 [main] INFO  com.makemytrip.hooks.Hook - Driver is closed successfully.
13:13:51.678 [main] INFO  com.makemytrip.hooks.Hook - Driver is initialized successfully.
13:14:12.925 [main] INFO  com.makemytrip.hooks.Hook - Driver is closed successfully.
13:14:21.587 [main] INFO  com.makemytrip.hooks.Hook - Driver is initialized successfully.
13:14:43.474 [main] INFO  com.makemytrip.hooks.Hook - Driver is closed successfully.
13:15:08.469 [main] INFO  com.makemytrip.hooks.Hook - Driver is initialized successfully.
13:16:44.034 [main] INFO  com.makemytrip.hooks.Hook - Driver is initialized successfully.
13:20:26.466 [main] INFO  com.makemytrip.hooks.Hook - Driver is initialized successfully.
13:20:46.348 [main] INFO  com.makemytrip.hooks.Hook - Driver is closed successfully.
13:20:56.276 [main] INFO  com.makemytrip.hooks.Hook - Driver is initialized successfully.
13:21:09.559 [main] INFO  com.makemytrip.hooks.Hook - Driver is closed successfully.
13:21:22.087 [main] INFO  com.makemytrip.hooks.Hook - Driver is initialized successfully.
13:21:48.517 [main] INFO  com.makemytrip.hooks.Hook - Driver is closed successfully.
13:21:56.528 [main] INFO  com.makemytrip.hooks.Hook - Driver is initialized successfully.
13:22:15.153 [main] INFO  com.makemytrip.hooks.Hook - Driver is closed successfully.
13:22:23.339 [main] INFO  com.makemytrip.hooks.Hook - Driver is initialized successfully.
13:22:40.252 [main] INFO  com.makemytrip.hooks.Hook - Driver is closed successfully.
13:22:49.501 [main] INFO  com.makemytrip.hooks.Hook - Driver is initialized successfully.
13:23:26.381 [main] INFO  com.makemytrip.hooks.Hook - Driver is initialized successfully.
13:24:16.748 [main] INFO  com.makemytrip.hooks.Hook - Driver is initialized successfully.
13:24:39.615 [main] INFO  com.makemytrip.hooks.Hook - Driver is closed successfully.
13:24:49.073 [main] INFO  com.makemytrip.hooks.Hook - Driver is initialized successfully.
13:25:02.103 [main] INFO  com.makemytrip.hooks.Hook - Driver is closed successfully.
14:08:16.236 [main] INFO  com.makemytrip.hooks.Hook - Driver is initialized successfully.
14:08:53.831 [main] INFO  com.makemytrip.hooks.Hook - Driver is closed successfully.
14:09:01.619 [main] INFO  com.makemytrip.hooks.Hook - Driver is initialized successfully.
14:09:12.581 [main] INFO  com.makemytrip.hooks.Hook - Driver is closed successfully.
14:09:21.584 [main] INFO  com.makemytrip.hooks.Hook - Driver is initialized successfully.
14:09:28.559 [main] INFO  com.makemytrip.hooks.Hook - Driver is closed successfully.
14:09:43.752 [main] INFO  com.makemytrip.hooks.Hook - Driver is initialized successfully.
14:10:09.270 [main] INFO  com.makemytrip.hooks.Hook - Driver is closed successfully.
14:10:17.706 [main] INFO  com.makemytrip.hooks.Hook - Driver is initialized successfully.
14:10:42.997 [main] INFO  com.makemytrip.hooks.Hook - Driver is closed successfully.
14:10:51.621 [main] INFO  com.makemytrip.hooks.Hook - Driver is initialized successfully.
14:11:04.698 [main] INFO  com.makemytrip.hooks.Hook - Driver is closed successfully.
11:33:35.605 [main] INFO  com.makemytrip.hooks.Hook - Driver is initialized successfully.
11:33:57.306 [main] INFO  com.makemytrip.hooks.Hook - Driver is closed successfully.
11:34:04.313 [main] INFO  com.makemytrip.hooks.Hook - Driver is initialized successfully.
11:34:14.189 [main] INFO  com.makemytrip.hooks.Hook - Driver is closed successfully.
11:34:20.481 [main] INFO  com.makemytrip.hooks.Hook - Driver is initialized successfully.
11:34:25.665 [main] INFO  com.makemytrip.hooks.Hook - Driver is closed successfully.
11:34:31.428 [main] INFO  com.makemytrip.hooks.Hook - Driver is initialized successfully.
11:34:43.284 [main] INFO  com.makemytrip.hooks.Hook - Driver is closed successfully.
11:34:48.715 [main] INFO  com.makemytrip.hooks.Hook - Driver is initialized successfully.
11:35:00.415 [main] INFO  com.makemytrip.hooks.Hook - Driver is closed successfully.
11:35:07.051 [main] INFO  com.makemytrip.hooks.Hook - Driver is initialized successfully.
11:35:14.348 [main] INFO  com.makemytrip.hooks.Hook - Driver is closed successfully.
